TN:
SF:script/Deploy.s.sol
DA:15,0
FN:15,Deploy.run
FNDA:0,Deploy.run
DA:16,0
DA:17,0
DA:18,0
DA:19,0
DA:21,0
DA:22,0
DA:23,0
DA:24,0
DA:26,0
DA:29,0
DA:30,0
DA:33,0
DA:34,0
DA:37,0
DA:38,0
DA:41,0
DA:42,0
DA:45,0
DA:54,0
DA:57,0
DA:58,0
DA:59,0
DA:60,0
DA:63,0
DA:64,0
DA:65,0
DA:68,0
BRDA:68,0,0,-
DA:69,0
DA:70,0
DA:78,0
DA:81,0
DA:83,0
DA:84,0
DA:85,0
DA:86,0
DA:87,0
DA:88,0
FNF:1
FNH:0
LF:38
LH:0
BRF:1
BRH:0
end_of_record
TN:
SF:script/DeployHook.s.sol
DA:25,0
FN:25,DeployHook.run
FNDA:0,DeployHook.run
DA:26,0
DA:27,0
DA:28,0
DA:30,0
DA:34,0
DA:35,0
DA:38,0
DA:43,0
DA:44,0
DA:45,0
DA:48,0
DA:50,0
DA:52,0
BRDA:52,0,0,-
BRDA:52,0,1,-
DA:53,0
DA:56,0
DA:57,0
DA:59,0
DA:63,0
FN:63,DeployHook._mineSalt
FNDA:0,DeployHook._mineSalt
DA:68,0
DA:70,0
DA:71,0
DA:72,0
DA:75,0
BRDA:75,1,0,-
DA:76,0
DA:79,0
DA:82,0
FN:82,DeployHook._computeCreate2Address
FNDA:0,DeployHook._computeCreate2Address
DA:87,0
DA:94,0
FN:94,DeployHook._hasRequiredFlags
FNDA:0,DeployHook._hasRequiredFlags
DA:95,0
DA:97,0
FNF:4
FNH:0
LF:31
LH:0
BRF:3
BRH:0
end_of_record
TN:
SF:script/DeploySepolia.s.sol
DA:16,0
FN:16,TestUSDC.mint
FNDA:0,TestUSDC.mint
DA:17,0
FN:17,TestUSDC.decimals
FNDA:0,TestUSDC.decimals
DA:29,0
FN:29,DeploySepolia.run
FNDA:0,DeploySepolia.run
DA:30,0
DA:31,0
DA:33,0
DA:34,0
DA:35,0
DA:36,0
DA:38,0
DA:41,0
DA:42,0
DA:45,0
DA:48,0
DA:49,0
DA:52,0
DA:53,0
DA:56,0
DA:57,0
DA:60,0
DA:61,0
DA:64,0
DA:73,0
DA:76,0
DA:77,0
DA:79,0
DA:80,0
DA:81,0
DA:82,0
DA:83,0
DA:86,0
DA:87,0
DA:97,0
DA:98,0
DA:99,0
DA:100,0
DA:103,0
DA:104,0
DA:106,0
DA:107,0
DA:110,0
DA:112,0
DA:114,0
DA:115,0
DA:116,0
DA:117,0
DA:118,0
DA:119,0
DA:120,0
DA:121,0
DA:122,0
DA:123,0
DA:124,0
DA:125,0
FNF:3
FNH:0
LF:54
LH:0
BRF:0
BRH:0
end_of_record
TN:
SF:script/DeployUnichain.s.sol
DA:17,0
FN:17,MockChainlinkFeed.constructor
FNDA:0,MockChainlinkFeed.constructor
DA:18,0
DA:21,0
FN:21,MockChainlinkFeed.latestRoundData
FNDA:0,MockChainlinkFeed.latestRoundData
DA:26,0
DA:29,0
FN:29,MockChainlinkFeed.setPrice
FNDA:0,MockChainlinkFeed.setPrice
DA:30,0
DA:37,0
FN:37,DeployUnichain.run
FNDA:0,DeployUnichain.run
DA:38,0
DA:39,0
DA:40,0
DA:42,0
DA:43,0
DA:44,0
DA:46,0
DA:49,0
DA:50,0
DA:53,0
DA:54,0
DA:57,0
DA:58,0
DA:61,0
DA:62,0
DA:65,0
DA:66,0
DA:69,0
DA:78,0
DA:81,0
DA:82,0
DA:83,0
DA:85,0
DA:86,0
DA:87,0
DA:88,0
DA:89,0
DA:92,0
DA:93,0
DA:103,0
DA:104,0
DA:107,0
DA:108,0
DA:110,0
DA:112,0
DA:113,0
DA:114,0
DA:115,0
DA:116,0
DA:117,0
DA:118,0
DA:119,0
DA:120,0
DA:121,0
DA:122,0
DA:123,0
FNF:4
FNH:0
LF:53
LH:0
BRF:0
BRH:0
end_of_record
TN:
SF:script/Seed.s.sol
DA:12,0
FN:12,Seed.run
FNDA:0,Seed.run
DA:13,0
DA:14,0
DA:15,0
DA:16,0
DA:18,0
DA:19,0
DA:21,0
DA:22,0
DA:23,0
DA:25,0
DA:26,0
DA:27,0
DA:29,0
DA:32,0
DA:33,0
DA:34,0
BRDA:34,0,0,-
DA:35,0
DA:36,0
DA:38,0
DA:41,0
DA:45,0
DA:46,0
DA:47,0
DA:50,0
DA:51,0
DA:52,0
DA:54,0
DA:57,0
DA:58,0
DA:59,0
DA:60,0
FNF:1
FNH:0
LF:32
LH:0
BRF:1
BRH:0
end_of_record
TN:
SF:src/core/ILPNRegistry.sol
DA:31,72
FN:31,ILPNRegistry.constructor
FNDA:72,ILPNRegistry.constructor
DA:32,72
DA:37,146
FN:37,ILPNRegistry._update
FNDA:146,ILPNRegistry._update
DA:38,146
DA:39,146
BRDA:39,0,0,3
DA:40,3
DA:42,143
DA:48,113
FN:48,ILPNRegistry.mint
FNDA:113,ILPNRegistry.mint
DA:49,111
DA:54,34
FN:54,ILPNRegistry.burn
FNDA:34,ILPNRegistry.burn
DA:55,32
DA:60,105
FN:60,ILPNRegistry.setMetadata
FNDA:105,ILPNRegistry.setMetadata
DA:67,105
DA:77,24
FN:77,ILPNRegistry.markSettled
FNDA:24,ILPNRegistry.markSettled
DA:78,24
DA:82,0
FN:82,ILPNRegistry.tokenURI
FNDA:0,ILPNRegistry.tokenURI
DA:83,0
DA:84,0
DA:86,0
DA:87,0
DA:88,0
DA:90,0
DA:117,0
DA:131,0
DA:135,0
FN:135,ILPNRegistry.supportsInterface
FNDA:0,ILPNRegistry.supportsInterface
DA:141,0
FNF:8
FNH:6
LF:26
LH:15
BRF:1
BRH:1
end_of_record
TN:
SF:src/core/ILShieldCore.sol
DA:102,65
FN:102,ILShieldCore.constructor
FNDA:65,ILShieldCore.constructor
DA:111,65
DA:112,65
DA:113,65
DA:114,65
DA:115,65
DA:116,65
DA:118,65
DA:119,65
DA:122,65
DA:123,65
DA:124,65
DA:125,65
DA:128,65
DA:129,65
DA:130,65
DA:131,65
DA:143,105
FN:143,ILShieldCore.register
FNDA:105,ILShieldCore.register
DA:150,105
BRDA:150,0,0,-
DA:151,105
BRDA:151,1,0,-
DA:152,105
BRDA:152,2,0,-
DA:155,105
DA:158,105
DA:162,105
DA:166,105
DA:167,105
DA:168,105
DA:171,105
DA:172,105
BRDA:172,3,0,-
DA:174,105
DA:176,105
DA:195,105
DA:196,105
DA:198,105
DA:207,36
FN:207,ILShieldCore.settle
FNDA:36,ILShieldCore.settle
DA:214,36
DA:215,4
BRDA:215,4,0,4
DA:216,32
BRDA:216,5,0,2
DA:217,30
BRDA:217,6,0,2
DA:220,28
DA:223,28
DA:226,28
DA:227,25
DA:229,25
BRDA:229,7,0,1
DA:230,1
DA:231,1
BRDA:231,8,0,1
DA:232,1
DA:233,1
DA:238,24
DA:247,24
DA:249,24
BRDA:249,9,0,8
DA:250,8
DA:251,8
DA:255,24
DA:258,24
DA:259,24
DA:261,24
DA:267,0
FN:267,ILShieldCore.topUpPremium
FNDA:0,ILShieldCore.topUpPremium
DA:268,0
DA:269,0
BRDA:269,10,0,-
DA:271,0
DA:272,0
DA:274,0
DA:278,7
FN:278,ILShieldCore.cancelProtection
FNDA:7,ILShieldCore.cancelProtection
DA:279,7
DA:280,0
BRDA:280,11,0,-
DA:281,7
BRDA:281,12,0,-
DA:284,7
DA:286,7
DA:287,7
DA:288,7
DA:290,7
BRDA:290,13,0,7
DA:291,7
DA:294,7
DA:296,7
DA:301,9
FN:301,ILShieldCore.processStreaming
FNDA:9,ILShieldCore.processStreaming
DA:302,9
DA:303,67
DA:309,24
FN:309,ILShieldCore._computePayout
FNDA:24,ILShieldCore._computePayout
DA:310,24
DA:313,24
DA:316,24
DA:319,24
DA:322,24
DA:325,24
DA:328,24
DA:329,24
DA:332,8
FN:332,ILShieldCore._executePayout
FNDA:8,ILShieldCore._executePayout
DA:334,8
DA:336,8
BRDA:336,14,0,8
BRDA:336,14,1,-
DA:337,8
DA:340,0
BRDA:340,15,0,-
DA:341,0
DA:343,0
DA:344,0
DA:350,35
FN:350,ILShieldCore._deductPremium
FNDA:35,ILShieldCore._deductPremium
DA:351,35
DA:352,35
BRDA:352,16,0,28
DA:354,7
DA:355,7
BRDA:355,17,0,7
DA:357,0
DA:358,0
DA:360,0
DA:361,0
DA:364,67
FN:364,ILShieldCore._deductAndDistributePremium
FNDA:67,ILShieldCore._deductAndDistributePremium
DA:365,67
DA:366,67
BRDA:366,18,0,-
DA:368,67
DA:369,67
BRDA:369,19,0,1
DA:371,66
DA:372,66
DA:374,1
DA:375,66
DA:377,66
BRDA:377,20,0,15
DA:378,15
DA:381,66
DA:384,15
FN:384,ILShieldCore._distributePremium
FNDA:15,ILShieldCore._distributePremium
DA:385,15
DA:386,15
DA:387,15
DA:388,15
DA:391,15
BRDA:391,21,0,-
DA:392,0
DA:395,15
BRDA:395,22,0,15
DA:396,15
DA:397,15
DA:399,15
BRDA:399,23,0,15
DA:400,15
DA:401,15
DA:403,15
BRDA:403,24,0,15
DA:404,15
DA:406,15
BRDA:406,25,0,15
DA:407,15
DA:413,1
FN:413,ILShieldCore._absDiffBps
FNDA:1,ILShieldCore._absDiffBps
DA:414,1
DA:415,1
DA:420,48
FN:420,ILShieldCore.setWarmingPeriodBlocks
FNDA:48,ILShieldCore.setWarmingPeriodBlocks
DA:421,47
DA:424,32
FN:424,ILShieldCore.setFullCoverageRampBlocks
FNDA:32,ILShieldCore.setFullCoverageRampBlocks
DA:425,32
DA:428,4
FN:428,ILShieldCore.setSettlementFeeRate
FNDA:4,ILShieldCore.setSettlementFeeRate
DA:429,3
DA:432,1
FN:432,ILShieldCore.setPremiumShares
FNDA:1,ILShieldCore.setPremiumShares
DA:436,0
BRDA:436,26,0,-
DA:437,0
DA:438,0
DA:439,0
DA:440,0
DA:443,1
FN:443,ILShieldCore.setTreasury
FNDA:1,ILShieldCore.setTreasury
DA:444,0
DA:447,1
FN:447,ILShieldCore.pause
FNDA:1,ILShieldCore.pause
DA:448,0
DA:451,0
FN:451,ILShieldCore.unpause
FNDA:0,ILShieldCore.unpause
DA:452,0
FNF:19
FNH:17
LF:154
LH:129
BRF:28
BRH:16
end_of_record
TN:
SF:src/core/JuniorVault.sol
DA:43,20500
FN:43,JuniorVault._decimalsOffset
FNDA:20500,JuniorVault._decimalsOffset
DA:44,20500
DA:47,74
FN:47,JuniorVault.constructor
FNDA:74,JuniorVault.constructor
DA:51,74
DA:52,74
DA:53,74
DA:54,74
DA:55,74
DA:60,6305
FN:60,JuniorVault.deposit
FNDA:6305,JuniorVault.deposit
DA:67,6305
DA:68,6305
DA:71,0
FN:71,JuniorVault.mint
FNDA:0,JuniorVault.mint
DA:78,0
DA:79,0
DA:83,4943
FN:83,JuniorVault.withdraw
FNDA:4943,JuniorVault.withdraw
DA:89,4943
BRDA:89,0,0,1
DA:90,4942
DA:91,4942
DA:94,1
FN:94,JuniorVault.redeem
FNDA:1,JuniorVault.redeem
DA:100,1
BRDA:100,1,0,-
DA:101,1
DA:102,1
DA:103,1
DA:111,5330
FN:111,JuniorVault.withdrawForClaim
FNDA:5330,JuniorVault.withdrawForClaim
DA:112,5327
DA:113,5327
DA:114,5327
BRDA:114,2,0,5327
DA:115,5327
DA:117,5327
DA:121,6201
FN:121,JuniorVault.receivePremium
FNDA:6201,JuniorVault.receivePremium
DA:122,6199
DA:123,6199
DA:128,7
FN:128,JuniorVault.setMinLockDuration
FNDA:7,JuniorVault.setMinLockDuration
DA:129,7
DA:132,0
FN:132,JuniorVault.setMaxSeniorJuniorRatio
FNDA:0,JuniorVault.setMaxSeniorJuniorRatio
DA:133,0
DA:136,0
FN:136,JuniorVault.setSeniorVault
FNDA:0,JuniorVault.setSeniorVault
DA:137,0
DA:140,1
FN:140,JuniorVault.pause
FNDA:1,JuniorVault.pause
DA:141,0
DA:144,0
FN:144,JuniorVault.unpause
FNDA:0,JuniorVault.unpause
DA:145,0
DA:151,4943
FN:151,JuniorVault._enforceSJRatio
FNDA:4943,JuniorVault._enforceSJRatio
DA:152,4943
DA:153,4943
DA:155,4943
BRDA:155,3,0,993
DA:156,21
BRDA:156,4,0,993
DA:157,7
DA:161,4922
BRDA:161,5,0,993
DA:162,993
DA:166,0
FN:166,JuniorVault.supportsInterface
FNDA:0,JuniorVault.supportsInterface
DA:167,0
FNF:15
FNH:10
LF:52
LH:40
BRF:6
BRH:5
end_of_record
TN:
SF:src/core/PricingOracle.sol
DA:68,88
FN:68,PricingOracle.constructor
FNDA:88,PricingOracle.constructor
DA:69,88
DA:70,88
DA:73,88
DA:74,88
DA:80,171
FN:80,PricingOracle.configurePool
FNDA:171,PricingOracle.configurePool
DA:88,171
BRDA:88,0,0,1
DA:90,170
DA:101,170
DA:102,170
DA:110,33
FN:110,PricingOracle.getChainlinkSqrtPriceX96
FNDA:33,PricingOracle.getChainlinkSqrtPriceX96
DA:111,33
DA:112,33
BRDA:112,1,0,1
DA:114,32
DA:121,25
FN:121,PricingOracle.getTWAPSqrtPriceX96
FNDA:25,PricingOracle.getTWAPSqrtPriceX96
DA:123,25
DA:127,4
FN:127,PricingOracle.updateTWAP
FNDA:4,PricingOracle.updateTWAP
DA:128,2
DA:134,8
FN:134,PricingOracle.getVolatility
FNDA:8,PricingOracle.getVolatility
DA:135,8
DA:139,10
FN:139,PricingOracle.updateVolatility
FNDA:10,PricingOracle.updateVolatility
DA:143,8
DA:144,8
BRDA:144,2,0,-
DA:146,8
DA:147,8
DA:148,8
DA:150,8
DA:151,8
DA:162,107
FN:162,PricingOracle.computePremiumRate
FNDA:107,PricingOracle.computePremiumRate
DA:168,107
DA:169,107
BRDA:169,3,0,1
DA:171,106
DA:172,106
DA:174,106
DA:188,2
FN:188,PricingOracle.setCLevel
FNDA:2,PricingOracle.setCLevel
DA:189,2
DA:193,2
FN:193,PricingOracle.setUtilization
FNDA:2,PricingOracle.setUtilization
DA:194,1
DA:198,1
FN:198,PricingOracle.setVolFloor
FNDA:1,PricingOracle.setVolFloor
DA:199,1
DA:200,1
DA:205,32
FN:205,PricingOracle._getChainlinkSqrtPriceX96
FNDA:32,PricingOracle._getChainlinkSqrtPriceX96
DA:206,32
DA:207,32
BRDA:207,4,0,2
DA:208,30
BRDA:208,5,0,4
DA:210,26
DA:214,26
DA:215,26
DA:216,26
DA:219,114
FN:219,PricingOracle._getCompositeVol
FNDA:114,PricingOracle._getCompositeVol
DA:220,114
DA:223,114
DA:224,114
BRDA:224,6,0,1
DA:225,1
DA:228,114
DA:231,122
FN:231,PricingOracle._max3
FNDA:122,PricingOracle._max3
DA:232,122
DA:235,26
FN:235,PricingOracle._sqrt
FNDA:26,PricingOracle._sqrt
DA:236,26
BRDA:236,7,0,-
DA:237,26
DA:238,26
DA:239,1846
DA:240,1820
DA:241,1820
FNF:15
FNH:15
LF:64
LH:64
BRF:8
BRH:6
end_of_record
TN:
SF:src/core/SeniorVault.sol
DA:55,22143
FN:55,SeniorVault._decimalsOffset
FNDA:22143,SeniorVault._decimalsOffset
DA:56,22143
DA:59,87
FN:59,SeniorVault.constructor
FNDA:87,SeniorVault.constructor
DA:63,87
DA:64,87
DA:65,87
DA:66,87
DA:72,6331
FN:72,SeniorVault.deposit
FNDA:6331,SeniorVault.deposit
DA:79,6331
DA:80,6331
DA:84,0
FN:84,SeniorVault.mint
FNDA:0,SeniorVault.mint
DA:91,0
DA:92,0
DA:96,4777
FN:96,SeniorVault.withdraw
FNDA:4777,SeniorVault.withdraw
DA:102,4777
BRDA:102,0,0,2
DA:103,4775
DA:104,4775
DA:108,2
FN:108,SeniorVault.redeem
FNDA:2,SeniorVault.redeem
DA:114,2
BRDA:114,1,0,-
DA:115,2
DA:116,2
DA:124,2
FN:124,SeniorVault.emergencyWithdraw
FNDA:2,SeniorVault.emergencyWithdraw
DA:125,2
DA:126,2
DA:127,2
DA:130,2
DA:133,2
DA:135,2
DA:143,5129
FN:143,SeniorVault.withdrawForClaim
FNDA:5129,SeniorVault.withdrawForClaim
DA:144,5127
DA:145,5127
DA:150,6273
FN:150,SeniorVault.receivePremium
FNDA:6273,SeniorVault.receivePremium
DA:151,6271
DA:152,6271
DA:158,4777
FN:158,SeniorVault.utilizationBps
FNDA:4777,SeniorVault.utilizationBps
DA:159,4777
DA:160,4777
BRDA:160,2,0,-
DA:161,4777
DA:166,7
FN:166,SeniorVault.setMinLockDuration
FNDA:7,SeniorVault.setMinLockDuration
DA:167,7
DA:170,0
FN:170,SeniorVault.setEmergencyWithdrawPenalty
FNDA:0,SeniorVault.setEmergencyWithdrawPenalty
DA:171,0
DA:174,5
FN:174,SeniorVault.setOutstandingClaims
FNDA:5,SeniorVault.setOutstandingClaims
DA:175,5
DA:178,1
FN:178,SeniorVault.pause
FNDA:1,SeniorVault.pause
DA:179,0
DA:182,0
FN:182,SeniorVault.unpause
FNDA:0,SeniorVault.unpause
DA:183,0
DA:189,4777
FN:189,SeniorVault._enforceWithdrawalQueue
FNDA:4777,SeniorVault._enforceWithdrawalQueue
DA:190,4777
DA:192,4777
BRDA:192,3,0,4774
DA:194,4774
DA:197,3
DA:198,3
BRDA:198,4,0,-
DA:200,3
DA:201,1
DA:202,3
DA:203,0
DA:206,0
BRDA:206,5,0,-
DA:213,0
FN:213,SeniorVault.supportsInterface
FNDA:0,SeniorVault.supportsInterface
DA:214,0
FNF:17
FNH:13
LF:61
LH:49
BRF:6
BRH:2
end_of_record
TN:
SF:src/hook/ILShieldHook.sol
DA:41,0
FN:41,ILShieldHook.onlyPoolManager
FNDA:0,ILShieldHook.onlyPoolManager
DA:42,0
BRDA:42,0,0,-
DA:46,0
FN:46,ILShieldHook.constructor
FNDA:0,ILShieldHook.constructor
DA:47,0
DA:48,0
DA:49,0
DA:53,0
FN:53,ILShieldHook.getHookPermissions
FNDA:0,ILShieldHook.getHookPermissions
DA:54,0
DA:74,0
FN:74,ILShieldHook.beforeInitialize
FNDA:0,ILShieldHook.beforeInitialize
DA:75,0
DA:79,0
FN:79,ILShieldHook.afterInitialize
FNDA:0,ILShieldHook.afterInitialize
DA:84,0
DA:85,0
DA:86,0
DA:87,0
DA:90,0
FN:90,ILShieldHook.beforeAddLiquidity
FNDA:0,ILShieldHook.beforeAddLiquidity
DA:95,0
DA:99,0
FN:99,ILShieldHook.afterAddLiquidity
FNDA:0,ILShieldHook.afterAddLiquidity
DA:107,0
DA:110,0
BRDA:110,1,0,-
DA:111,0
DA:116,0
DA:120,0
FN:120,ILShieldHook.beforeRemoveLiquidity
FNDA:0,ILShieldHook.beforeRemoveLiquidity
DA:126,0
DA:127,0
DA:129,0
DA:135,0
DA:139,0
FN:139,ILShieldHook.afterRemoveLiquidity
FNDA:0,ILShieldHook.afterRemoveLiquidity
DA:147,0
DA:152,0
DA:153,0
BRDA:153,2,0,-
DA:154,0
DA:158,0
DA:161,0
FN:161,ILShieldHook.beforeSwap
FNDA:0,ILShieldHook.beforeSwap
DA:166,0
DA:170,0
FN:170,ILShieldHook.afterSwap
FNDA:0,ILShieldHook.afterSwap
DA:177,0
DA:178,0
DA:179,0
DA:180,0
DA:183,0
FN:183,ILShieldHook.beforeDonate
FNDA:0,ILShieldHook.beforeDonate
DA:188,0
DA:191,0
FN:191,ILShieldHook.afterDonate
FNDA:0,ILShieldHook.afterDonate
DA:196,0
FNF:13
FNH:0
LF:44
LH:0
BRF:3
BRH:0
end_of_record
TN:
SF:src/hook/TickAccumulator.sol
DA:34,0
FN:34,TickAccumulator.constructor
FNDA:0,TickAccumulator.constructor
DA:35,0
DA:38,0
FN:38,TickAccumulator.onlyHook
FNDA:0,TickAccumulator.onlyHook
DA:39,0
BRDA:39,0,0,-
DA:47,0
FN:47,TickAccumulator.update
FNDA:0,TickAccumulator.update
DA:48,0
DA:50,0
BRDA:50,1,0,-
BRDA:50,1,1,-
DA:52,0
DA:53,0
DA:54,0
DA:57,0
DA:58,0
BRDA:58,2,0,-
DA:59,0
DA:60,0
DA:62,0
DA:66,0
DA:67,0
DA:69,0
DA:76,0
FN:76,TickAccumulator.getTickCumulativeAt
FNDA:0,TickAccumulator.getTickCumulativeAt
DA:77,0
BRDA:77,3,0,-
DA:78,0
DA:86,0
FN:86,TickAccumulator.computeAverageTick
FNDA:0,TickAccumulator.computeAverageTick
DA:91,0
BRDA:91,4,0,-
DA:92,0
BRDA:92,5,0,-
DA:93,0
BRDA:93,6,0,-
DA:95,0
DA:96,0
DA:98,0
DA:106,0
FN:106,TickAccumulator.getLatestCheckpoint
FNDA:0,TickAccumulator.getLatestCheckpoint
DA:111,0
DA:112,0
FNF:6
FNH:0
LF:31
LH:0
BRF:8
BRH:0
end_of_record
TN:
SF:src/libraries/ConcentrationFactor.sol
DA:19,106
FN:19,ConcentrationFactor.compute
FNDA:106,ConcentrationFactor.compute
DA:21,106
DA:22,106
DA:28,106
DA:29,106
DA:33,106
BRDA:33,0,0,-
DA:35,106
DA:38,106
BRDA:38,1,0,-
FNF:1
FNH:1
LF:8
LH:8
BRF:2
BRH:0
end_of_record
TN:
SF:src/libraries/ILMath.sol
DA:22,10032
FN:22,ILMath.computeIL
FNDA:10032,ILMath.computeIL
DA:30,10032
DA:33,10032
DA:36,10032
DA:39,10032
DA:44,20064
FN:44,ILMath._positionAmounts
FNDA:20064,ILMath._positionAmounts
DA:50,20064
DA:51,20064
DA:53,20064
BRDA:53,0,0,2338
BRDA:53,0,1,871
DA:55,2338
DA:56,2338
DA:57,17726
BRDA:57,1,0,16855
BRDA:57,1,1,871
DA:59,16855
DA:60,16855
DA:63,871
DA:64,871
DA:69,10032
FN:69,ILMath._positionValueInToken1
FNDA:10032,ILMath._positionValueInToken1
DA:76,10032
DA:77,10032
DA:83,20064
FN:83,ILMath._token0ValueInToken1
FNDA:20064,ILMath._token0ValueInToken1
DA:84,20064
BRDA:84,2,0,16884
DA:86,3180
DA:96,3209
FN:96,ILMath._getAmount0
FNDA:3209,ILMath._getAmount0
DA:101,3209
BRDA:101,3,0,-
DA:102,0
DA:104,3209
DA:108,3209
DA:109,3209
DA:113,17726
FN:113,ILMath._getAmount1
FNDA:17726,ILMath._getAmount1
DA:118,17726
BRDA:118,4,0,-
DA:119,0
DA:121,17726
FNF:6
FNH:6
LF:32
LH:30
BRF:7
BRH:5
end_of_record
TN:
SF:src/libraries/PremiumMath.sol
DA:32,60106
FN:32,PremiumMath.computePremiumRate
FNDA:60106,PremiumMath.computePremiumRate
DA:42,60106
DA:43,60106
DA:50,60106
DA:53,60106
BRDA:53,0,0,15902
DA:54,44204
DA:57,44204
DA:60,44204
DA:63,44204
DA:66,44204
DA:67,44204
DA:68,44204
DA:69,44204
DA:73,44204
FN:73,PremiumMath._computeRiskLoading
FNDA:44204,PremiumMath._computeRiskLoading
DA:74,44204
BRDA:74,1,0,1537
DA:75,42667
DA:76,42667
DA:80,44204
FN:80,PremiumMath._coverageTierMultiplier
FNDA:44204,PremiumMath._coverageTierMultiplier
DA:81,44204
BRDA:81,2,0,2
DA:82,44202
BRDA:82,3,0,-
DA:83,44202
DA:88,44204
FN:88,PremiumMath._utilizationCurve
FNDA:44204,PremiumMath._utilizationCurve
DA:89,44204
BRDA:89,4,0,2
BRDA:89,4,1,-
DA:90,2
DA:91,44202
BRDA:91,5,0,44202
BRDA:91,5,1,-
DA:93,44202
DA:94,44202
DA:98,0
DA:99,0
DA:100,0
DA:101,0
DA:102,0
DA:107,24
FN:107,PremiumMath.coverageMultiplierBps
FNDA:24,PremiumMath.coverageMultiplierBps
DA:108,24
BRDA:108,6,0,1
DA:109,23
BRDA:109,7,0,1
DA:110,22
FNF:5
FNH:5
LF:36
LH:31
BRF:10
BRH:7
end_of_record
TN:
SF:src/libraries/VolatilityLib.sol
DA:22,0
FN:22,VolatilityLib.computeYangZhang
FNDA:0,VolatilityLib.computeYangZhang
DA:29,0
DA:30,0
BRDA:30,0,0,-
DA:33,0
DA:36,0
DA:39,0
DA:44,0
DA:45,0
DA:46,0
DA:49,0
DA:50,0
DA:51,0
DA:54,0
DA:55,0
DA:63,0
FN:63,VolatilityLib.gwav
FNDA:0,VolatilityLib.gwav
DA:64,0
BRDA:64,1,0,-
DA:65,0
BRDA:65,2,0,-
DA:68,0
DA:69,0
DA:71,0
DA:72,0
DA:73,0
DA:76,0
DA:83,0
FN:83,VolatilityLib.simpleRealizedVol
FNDA:0,VolatilityLib.simpleRealizedVol
DA:88,0
DA:89,0
BRDA:89,3,0,-
DA:91,0
DA:92,0
DA:94,0
DA:96,0
DA:97,0
BRDA:97,4,0,-
BRDA:97,4,1,-
DA:98,0
DA:100,0
DA:102,0
DA:103,0
DA:107,0
DA:112,0
DA:114,0
DA:115,0
DA:120,0
FN:120,VolatilityLib._overnightVariance
FNDA:0,VolatilityLib._overnightVariance
DA:125,0
DA:126,0
DA:128,0
DA:129,0
BRDA:129,5,0,-
BRDA:129,5,1,-
DA:130,0
DA:132,0
DA:134,0
DA:136,0
DA:139,0
FN:139,VolatilityLib._closeToCloseVariance
FNDA:0,VolatilityLib._closeToCloseVariance
DA:140,0
DA:141,0
DA:142,0
DA:143,0
BRDA:143,6,0,-
BRDA:143,6,1,-
DA:144,0
DA:146,0
DA:148,0
DA:150,0
DA:153,0
FN:153,VolatilityLib._rogersSatchellVariance
FNDA:0,VolatilityLib._rogersSatchellVariance
DA:160,0
DA:161,0
DA:164,0
BRDA:164,7,0,-
DA:165,0
DA:166,0
DA:167,0
DA:168,0
BRDA:168,8,0,-
DA:169,0
DA:172,0
DA:173,0
DA:174,0
BRDA:174,9,0,-
DA:175,0
DA:179,0
DA:183,0
FN:183,VolatilityLib._sqrt
FNDA:0,VolatilityLib._sqrt
DA:184,0
BRDA:184,10,0,-
DA:186,0
DA:187,0
DA:188,0
DA:189,0
DA:190,0
DA:191,0
FNF:7
FNH:0
LF:79
LH:0
BRF:14
BRH:0
end_of_record
TN:
SF:src/periphery/BrevisCallback.sol
DA:46,0
FN:46,BrevisCallback.constructor
FNDA:0,BrevisCallback.constructor
DA:47,0
DA:54,0
FN:54,BrevisCallback.registerVkHash
FNDA:0,BrevisCallback.registerVkHash
DA:55,0
DA:56,0
DA:61,0
FN:61,BrevisCallback.removeVkHash
FNDA:0,BrevisCallback.removeVkHash
DA:62,0
DA:63,0
DA:72,0
FN:72,BrevisCallback.requestProof
FNDA:0,BrevisCallback.requestProof
DA:73,0
DA:75,0
DA:83,0
DA:92,0
FN:92,BrevisCallback.handleProofResult
FNDA:0,BrevisCallback.handleProofResult
DA:93,0
BRDA:93,0,0,-
DA:96,0
DA:97,0
DA:99,0
BRDA:99,1,0,-
DA:102,0
DA:103,0
DA:105,0
DA:112,0
FN:112,BrevisCallback.fulfillProofRequest
FNDA:0,BrevisCallback.fulfillProofRequest
DA:116,0
DA:117,0
BRDA:117,2,0,-
DA:118,0
BRDA:118,3,0,-
DA:120,0
DA:121,0
DA:123,0
BRDA:123,4,0,-
DA:124,0
BRDA:124,5,0,-
DA:126,0
DA:127,0
DA:128,0
DA:130,0
DA:139,0
FN:139,BrevisCallback.getVerifiedPrice
FNDA:0,BrevisCallback.getVerifiedPrice
DA:140,0
BRDA:140,6,0,-
DA:141,0
DA:148,0
FN:148,BrevisCallback.isPriceVerified
FNDA:0,BrevisCallback.isPriceVerified
DA:149,0
FNF:8
FNH:0
LF:37
LH:0
BRF:7
BRH:0
end_of_record
TN:
SF:src/periphery/ILShieldRouter.sol
DA:37,0
FN:37,ILShieldRouter.constructor
FNDA:0,ILShieldRouter.constructor
DA:38,0
DA:39,0
DA:49,0
FN:49,ILShieldRouter.registerAndFund
FNDA:0,ILShieldRouter.registerAndFund
DA:56,0
BRDA:56,0,0,-
DA:59,0
DA:62,0
DA:65,0
DA:67,0
DA:81,0
FN:81,ILShieldRouter.registerWithPermit
FNDA:0,ILShieldRouter.registerWithPermit
DA:93,0
DA:96,0
DA:97,0
DA:98,0
DA:100,0
DA:110,0
FN:110,ILShieldRouter.topUpWithPermit
FNDA:0,ILShieldRouter.topUpWithPermit
DA:118,0
DA:119,0
DA:120,0
DA:121,0
DA:128,0
FN:128,ILShieldRouter.settle
FNDA:0,ILShieldRouter.settle
DA:129,0
DA:130,0
FNF:5
FNH:0
LF:23
LH:0
BRF:1
BRH:0
end_of_record
TN:
SF:src/periphery/KeeperModule.sol
DA:68,0
FN:68,KeeperModule.constructor
FNDA:0,KeeperModule.constructor
DA:69,0
DA:70,0
DA:71,0
DA:72,0
DA:73,0
DA:75,0
DA:76,0
DA:77,0
DA:84,0
FN:84,KeeperModule.registerPosition
FNDA:0,KeeperModule.registerPosition
DA:85,0
BRDA:85,0,0,-
DA:86,0
DA:87,0
DA:88,0
DA:94,0
FN:94,KeeperModule.removePosition
FNDA:0,KeeperModule.removePosition
DA:95,0
BRDA:95,1,0,-
DA:96,0
DA:98,0
DA:99,0
BRDA:99,2,0,-
DA:100,0
DA:101,0
DA:102,0
DA:105,0
DA:113,0
FN:113,KeeperModule.processStreamingBatch
FNDA:0,KeeperModule.processStreamingBatch
DA:114,0
BRDA:114,3,0,-
DA:116,0
DA:117,0
DA:119,0
DA:128,0
FN:128,KeeperModule.updateVolatility
FNDA:0,KeeperModule.updateVolatility
DA:133,0
BRDA:133,4,0,-
DA:135,0
DA:136,0
DA:138,0
DA:146,0
FN:146,KeeperModule.checkUpkeep
FNDA:0,KeeperModule.checkUpkeep
DA:148,0
DA:149,0
DA:151,0
DA:152,0
DA:153,0
DA:155,0
BRDA:155,5,0,-
DA:156,0
DA:157,0
DA:161,0
BRDA:161,6,0,-
DA:163,0
DA:164,0
DA:165,0
DA:167,0
DA:168,0
DA:174,0
FN:174,KeeperModule.performUpkeep
FNDA:0,KeeperModule.performUpkeep
DA:175,0
DA:176,0
DA:177,0
DA:183,0
FN:183,KeeperModule.setMaxBatchSize
FNDA:0,KeeperModule.setMaxBatchSize
DA:184,0
DA:187,0
FN:187,KeeperModule.setMinProcessingInterval
FNDA:0,KeeperModule.setMinProcessingInterval
DA:188,0
DA:191,0
FN:191,KeeperModule.setMinVolUpdateInterval
FNDA:0,KeeperModule.setMinVolUpdateInterval
DA:192,0
DA:196,0
FN:196,KeeperModule.activePositionCount
FNDA:0,KeeperModule.activePositionCount
DA:197,0
FNF:11
FNH:0
LF:60
LH:0
BRF:7
BRH:0
end_of_record
TN:
SF:test/GasBenchmark.t.sol
DA:16,9
FN:16,MockERC20.constructor.0
FNDA:9,MockERC20.constructor.0
DA:17,9
DA:20,21
FN:20,MockERC20.mint
FNDA:21,MockERC20.mint
DA:21,21
DA:24,18
FN:24,MockERC20.decimals.0
FNDA:18,MockERC20.decimals.0
DA:25,18
DA:33,9
FN:33,MockChainlinkFeed.constructor.1
FNDA:9,MockChainlinkFeed.constructor.1
DA:34,9
DA:37,2
FN:37,MockChainlinkFeed.latestRoundData
FNDA:2,MockChainlinkFeed.latestRoundData
DA:38,2
DA:41,2
FN:41,MockChainlinkFeed.decimals.1
FNDA:2,MockChainlinkFeed.decimals.1
DA:42,2
FNF:6
FNH:6
LF:12
LH:12
BRF:0
BRH:0
end_of_record
TN:
SF:test/adversarial/AccessControlAttack.t.sol
DA:16,18
FN:16,MockERC20AC.constructor.0
FNDA:18,MockERC20AC.constructor.0
DA:17,0
FN:17,MockERC20AC.mint
FNDA:0,MockERC20AC.mint
DA:18,36
FN:18,MockERC20AC.decimals.0
FNDA:36,MockERC20AC.decimals.0
DA:23,18
FN:23,MockChainlinkFeedAC.constructor.1
FNDA:18,MockChainlinkFeedAC.constructor.1
DA:24,0
FN:24,MockChainlinkFeedAC.latestRoundData
FNDA:0,MockChainlinkFeedAC.latestRoundData
DA:25,0
DA:27,0
FN:27,MockChainlinkFeedAC.decimals.1
FNDA:0,MockChainlinkFeedAC.decimals.1
FNF:6
FNH:3
LF:7
LH:3
BRF:0
BRH:0
end_of_record
TN:
SF:test/adversarial/EconomicAttack.t.sol
DA:15,7
FN:15,MockERC20Econ.constructor.0
FNDA:7,MockERC20Econ.constructor.0
DA:16,9
FN:16,MockERC20Econ.mint
FNDA:9,MockERC20Econ.mint
DA:17,14
FN:17,MockERC20Econ.decimals.0
FNDA:14,MockERC20Econ.decimals.0
DA:22,7
FN:22,MockChainlinkFeedEcon.constructor.1
FNDA:7,MockChainlinkFeedEcon.constructor.1
DA:23,2
FN:23,MockChainlinkFeedEcon.latestRoundData
FNDA:2,MockChainlinkFeedEcon.latestRoundData
DA:24,2
DA:26,2
FN:26,MockChainlinkFeedEcon.decimals.1
FNDA:2,MockChainlinkFeedEcon.decimals.1
FNF:6
FNH:6
LF:7
LH:7
BRF:0
BRH:0
end_of_record
TN:
SF:test/adversarial/OracleAttack.t.sol
DA:15,9
FN:15,MockERC20Oracle.constructor.0
FNDA:9,MockERC20Oracle.constructor.0
DA:16,18
FN:16,MockERC20Oracle.mint
FNDA:18,MockERC20Oracle.mint
DA:17,18
FN:17,MockERC20Oracle.decimals.0
FNDA:18,MockERC20Oracle.decimals.0
DA:25,9
FN:25,ControllableFeed.constructor.1
FNDA:9,ControllableFeed.constructor.1
DA:26,9
DA:27,9
DA:30,2
FN:30,ControllableFeed.setPrice
FNDA:2,ControllableFeed.setPrice
DA:31,2
DA:32,2
DA:35,0
FN:35,ControllableFeed.setPriceWithoutTimestamp
FNDA:0,ControllableFeed.setPriceWithoutTimestamp
DA:36,0
DA:40,0
FN:40,ControllableFeed.setTimestamp
FNDA:0,ControllableFeed.setTimestamp
DA:41,0
DA:44,8
FN:44,ControllableFeed.latestRoundData
FNDA:8,ControllableFeed.latestRoundData
DA:45,8
DA:48,5
FN:48,ControllableFeed.decimals.1
FNDA:5,ControllableFeed.decimals.1
FNF:9
FNH:7
LF:16
LH:12
BRF:0
BRH:0
end_of_record
TN:
SF:test/adversarial/ReentrancyAttack.t.sol
DA:15,5
FN:15,MockERC20.constructor.0
FNDA:5,MockERC20.constructor.0
DA:16,5
DA:18,10
FN:18,MockERC20.mint
FNDA:10,MockERC20.mint
DA:19,10
FN:19,MockERC20.decimals.0
FNDA:10,MockERC20.decimals.0
DA:24,5
FN:24,MockChainlinkFeed.constructor.1
FNDA:5,MockChainlinkFeed.constructor.1
DA:25,2
FN:25,MockChainlinkFeed.latestRoundData
FNDA:2,MockChainlinkFeed.latestRoundData
DA:26,2
DA:28,2
FN:28,MockChainlinkFeed.decimals.1
FNDA:2,MockChainlinkFeed.decimals.1
DA:37,0
FN:37,ReentrrantSettler.constructor.2
FNDA:0,ReentrrantSettler.constructor.2
DA:39,0
FN:39,ReentrrantSettler.attack
FNDA:0,ReentrrantSettler.attack
DA:40,0
DA:41,0
DA:42,0
DA:46,0
FN:46,ReentrrantSettler.fallback
FNDA:0,ReentrrantSettler.fallback
DA:47,0
BRDA:47,0,0,-
DA:48,0
DA:50,0
BRDA:50,1,0,-
FNF:9
FNH:6
LF:17
LH:8
BRF:2
BRH:0
end_of_record
TN:
SF:test/fork/ForkBase.t.sol
DA:16,0
FN:16,MockUSDC.mint.0
FNDA:0,MockUSDC.mint.0
DA:17,0
FN:17,MockUSDC.decimals
FNDA:0,MockUSDC.decimals
DA:22,0
FN:22,MockWETH.mint.1
FNDA:0,MockWETH.mint.1
FNF:3
FNH:0
LF:3
LH:0
BRF:0
BRH:0
end_of_record
TN:
SF:test/fork/SepoliaFork.t.sol
DA:234,0
FN:234,ERC20Mock.constructor
FNDA:0,ERC20Mock.constructor
DA:235,0
FN:235,ERC20Mock.mint
FNDA:0,ERC20Mock.mint
DA:236,0
FN:236,ERC20Mock.decimals
FNDA:0,ERC20Mock.decimals
FNF:3
FNH:0
LF:3
LH:0
BRF:0
BRH:0
end_of_record
TN:
SF:test/integration/Adversarial.t.sol
DA:16,5
FN:16,MockERC20.constructor.0
FNDA:5,MockERC20.constructor.0
DA:17,5
DA:20,10
FN:20,MockERC20.mint
FNDA:10,MockERC20.mint
DA:21,10
DA:24,10
FN:24,MockERC20.decimals.0
FNDA:10,MockERC20.decimals.0
DA:25,10
DA:33,5
FN:33,MockChainlinkFeed.constructor.1
FNDA:5,MockChainlinkFeed.constructor.1
DA:34,5
DA:37,3
FN:37,MockChainlinkFeed.latestRoundData
FNDA:3,MockChainlinkFeed.latestRoundData
DA:38,3
DA:41,3
FN:41,MockChainlinkFeed.decimals.1
FNDA:3,MockChainlinkFeed.decimals.1
DA:42,3
FNF:6
FNH:6
LF:12
LH:12
BRF:0
BRH:0
end_of_record
TN:
SF:test/integration/FullLifecycle.t.sol
DA:16,1
FN:16,MockERC20.constructor.0
FNDA:1,MockERC20.constructor.0
DA:17,1
DA:20,2
FN:20,MockERC20.mint
FNDA:2,MockERC20.mint
DA:21,2
DA:24,2
FN:24,MockERC20.decimals.0
FNDA:2,MockERC20.decimals.0
DA:25,2
DA:33,1
FN:33,MockChainlinkFeed.constructor.1
FNDA:1,MockChainlinkFeed.constructor.1
DA:34,1
DA:37,1
FN:37,MockChainlinkFeed.latestRoundData
FNDA:1,MockChainlinkFeed.latestRoundData
DA:38,1
DA:41,1
FN:41,MockChainlinkFeed.decimals.1
FNDA:1,MockChainlinkFeed.decimals.1
DA:42,1
FNF:6
FNH:6
LF:12
LH:12
BRF:0
BRH:0
end_of_record
TN:
SF:test/integration/TrancheWaterfall.t.sol
DA:13,1
FN:13,MockERC20.constructor
FNDA:1,MockERC20.constructor
DA:14,1
DA:17,0
FN:17,MockERC20.mint
FNDA:0,MockERC20.mint
DA:18,0
DA:21,2
FN:21,MockERC20.decimals
FNDA:2,MockERC20.decimals
DA:22,2
FNF:3
FNH:2
LF:6
LH:4
BRF:0
BRH:0
end_of_record
TN:
SF:test/invariant/VaultSolvency.t.sol
DA:13,1
FN:13,MockERC20.constructor.0
FNDA:1,MockERC20.constructor.0
DA:14,1
DA:17,24964
FN:17,MockERC20.mint
FNDA:24964,MockERC20.mint
DA:18,24964
DA:21,2
FN:21,MockERC20.decimals
FNDA:2,MockERC20.decimals
DA:22,2
DA:42,1
FN:42,VaultHandler.constructor.1
FNDA:1,VaultHandler.constructor.1
DA:43,1
DA:44,1
DA:45,1
DA:46,1
DA:49,6270
FN:49,VaultHandler.depositSenior
FNDA:6270,VaultHandler.depositSenior
DA:50,6270
DA:51,6270
DA:53,6270
DA:54,6270
DA:55,6270
DA:56,6270
DA:58,6270
DA:61,6255
FN:61,VaultHandler.depositJunior
FNDA:6255,VaultHandler.depositJunior
DA:62,6255
DA:63,6255
DA:65,6255
DA:66,6255
DA:67,6255
DA:68,6255
DA:70,6255
DA:73,6262
FN:73,VaultHandler.withdrawSenior
FNDA:6262,VaultHandler.withdrawSenior
DA:74,6262
DA:75,6262
BRDA:75,0,0,1495
DA:77,4767
DA:80,4767
DA:82,4767
DA:83,4767
DA:84,4767
DA:86,4767
DA:89,6323
FN:89,VaultHandler.withdrawJunior
FNDA:6323,VaultHandler.withdrawJunior
DA:90,6323
DA:91,6323
BRDA:91,1,0,1385
DA:93,4938
DA:96,4938
DA:98,4938
DA:100,4938
BRDA:100,2,0,4938
DA:101,3933
DA:103,4938
DA:106,6255
FN:106,VaultHandler.receivePremiumSenior
FNDA:6255,VaultHandler.receivePremiumSenior
DA:107,6255
DA:108,6255
DA:109,6255
DA:110,6255
DA:112,6255
DA:115,6184
FN:115,VaultHandler.receivePremiumJunior
FNDA:6184,VaultHandler.receivePremiumJunior
DA:116,6184
DA:117,6184
DA:118,6184
DA:119,6184
DA:121,6184
DA:124,6309
FN:124,VaultHandler.withdrawForClaimJunior
FNDA:6309,VaultHandler.withdrawForClaimJunior
DA:125,6309
DA:126,6309
DA:127,6309
DA:129,6309
BRDA:129,3,0,995
DA:131,5314
DA:132,5314
DA:134,5314
DA:137,6192
FN:137,VaultHandler.withdrawForClaimSenior
FNDA:6192,VaultHandler.withdrawForClaimSenior
DA:138,6192
DA:139,6192
DA:140,6192
BRDA:140,4,0,1068
DA:142,5124
DA:143,5124
DA:144,5124
DA:146,5124
FNF:12
FNH:12
LF:73
LH:73
BRF:5
BRH:5
end_of_record
TN:
SF:test/unit/ILShieldCore.t.sol
DA:16,23
FN:16,MockUSDCCore.mint
FNDA:23,MockUSDCCore.mint
DA:17,22
FN:17,MockUSDCCore.decimals.0
FNDA:22,MockUSDCCore.decimals.0
DA:22,11
FN:22,MockFeedCore.constructor
FNDA:11,MockFeedCore.constructor
DA:23,10
FN:23,MockFeedCore.latestRoundData
FNDA:10,MockFeedCore.latestRoundData
DA:24,10
DA:26,10
FN:26,MockFeedCore.decimals.1
FNDA:10,MockFeedCore.decimals.1
FNF:5
FNH:5
LF:6
LH:6
BRF:0
BRH:0
end_of_record
TN:
SF:test/unit/JuniorVault.t.sol
DA:14,7
FN:14,MockERC20.constructor
FNDA:7,MockERC20.constructor
DA:15,7
DA:18,0
FN:18,MockERC20.mint
FNDA:0,MockERC20.mint
DA:19,0
DA:22,14
FN:22,MockERC20.decimals
FNDA:14,MockERC20.decimals
DA:23,14
FNF:3
FNH:2
LF:6
LH:4
BRF:0
BRH:0
end_of_record
TN:
SF:test/unit/PricingOracle.t.sol
DA:11,23
FN:11,MockFeed.constructor
FNDA:23,MockFeed.constructor
DA:12,2
FN:12,MockFeed.setPrice
FNDA:2,MockFeed.setPrice
DA:13,1
FN:13,MockFeed.setStale
FNDA:1,MockFeed.setStale
DA:14,4
FN:14,MockFeed.latestRoundData
FNDA:4,MockFeed.latestRoundData
DA:15,4
DA:17,1
FN:17,MockFeed.decimals
FNDA:1,MockFeed.decimals
FNF:5
FNH:5
LF:6
LH:6
BRF:0
BRH:0
end_of_record
TN:
SF:test/unit/SeniorVault.t.sol
DA:13,13
FN:13,MockERC20.constructor
FNDA:13,MockERC20.constructor
DA:14,13
DA:17,0
FN:17,MockERC20.mint
FNDA:0,MockERC20.mint
DA:18,0
DA:21,13
FN:21,MockERC20.decimals
FNDA:13,MockERC20.decimals
DA:22,13
FNF:3
FNH:2
LF:6
LH:4
BRF:0
BRH:0
end_of_record
